<?xml version="1.0" encoding="UTF-8"?>
<!-- Generated by org.testng.reporters.JUnitReportReporter -->
<testsuite hostname="Savitri" failures="0" tests="2" name="upl.test.RegisterPageTest" time="19.303" errors="0" timestamp="2024-03-02T22:00:31 IST" skipped="0">
  <testcase classname="upl.test.RegisterPageTest" name="verifyRegister" time="9.907"/>
  <testcase classname="upl.test.RegisterPageTest" name="verifyRegister" time="9.396"/>
</testsuite> <!-- upl.test.RegisterPageTest -->
