<?xml version="1.0" encoding="UTF-8"?>
<!-- Generated by org.testng.reporters.JUnitReportReporter -->
<testsuite hostname="DESKTOP-U039UIO" failures="0" tests="2" name="testPages.AddLessons_Test" time="57.973" errors="0" timestamp="2024-05-05T12:34:20 IST" skipped="0">
  <testcase classname="testPages.AddLessons_Test" name="addlesson" time="32.138"/>
  <testcase classname="testPages.AddLessons_Test" name="addlesson" time="25.835"/>
</testsuite> <!-- testPages.AddLessons_Test -->
