<?xml version="1.0" encoding="UTF-8"?>
<!-- Generated by org.testng.reporters.JUnitReportReporter -->
<testsuite hostname="DESKTOP-U039UIO" failures="0" tests="2" name="testPages.LoginPage_Tests" time="16.685" errors="0" timestamp="2024-04-12T15:26:23 IST" skipped="0">
  <testcase classname="testPages.LoginPage_Tests" name="login" time="9.555"/>
  <testcase classname="testPages.LoginPage_Tests" name="testLoginPageTitle" time="7.130"/>
</testsuite> <!-- testPages.LoginPage_Tests -->
