<?xml version="1.0" encoding="UTF-8"?>
<!-- Generated by org.testng.reporters.JUnitReportReporter -->
<testsuite hostname="Savitri" failures="0" tests="1" name="testPages.LoginPage_Tests" time="12.248" errors="0" timestamp="2024-03-07T12:55:46 IST" skipped="0">
  <testcase classname="testPages.LoginPage_Tests" name="login" time="12.248"/>
</testsuite> <!-- testPages.LoginPage_Tests -->
